<?xml version="1.0" encoding="UTF-8"?>
<!-- Generated by org.testng.reporters.JUnitXMLReporter -->
<testsuite ignored="1" hostname="DESKTOP-9CSP8UA" failures="0" tests="1" name="FirefoxTest" time="7.302" errors="0" timestamp="2024-10-10T02:49:52 IST">
  <testcase classname="Test_1.Test1" name="@BeforeClass register" time="7.246">
    <failure type="org.openqa.selenium.SessionNotCreatedException" message="Could not start a new session. Possible causes are invalid address of the remote server or browser start-up failure. 
Host info: host: &amp;apos;DESKTOP-9CSP8UA&amp;apos;, ip: &amp;apos;192.168.137.1&amp;apos;">
      <![CDATA[org.openqa.selenium.SessionNotCreatedException: Could not start a new session. Possible causes are invalid address of the remote server or browser start-up failure. 
Host info: host: 'DESKTOP-9CSP8UA', ip: '192.168.137.1'
at org.openqa.selenium.remote.RemoteWebDriver.execute(RemoteWebDriver.java:563)
at org.openqa.selenium.remote.RemoteWebDriver.startSession(RemoteWebDriver.java:245)
at org.openqa.selenium.remote.RemoteWebDriver.<init>(RemoteWebDriver.java:174)
at org.openqa.selenium.firefox.FirefoxDriver.<init>(FirefoxDriver.java:155)
at org.openqa.selenium.firefox.FirefoxDriver.<init>(FirefoxDriver.java:150)
at org.openqa.selenium.firefox.FirefoxDriver.<init>(FirefoxDriver.java:132)
at org.openqa.selenium.firefox.FirefoxDriver.<init>(FirefoxDriver.java:127)
at org.openqa.selenium.firefox.FirefoxDriver.<init>(FirefoxDriver.java:112)
at org.openqa.selenium.firefox.FirefoxDriver.<init>(FirefoxDriver.java:102)
at Test_1.Test1.register(Test1.java:37)
at java.base/java.util.ArrayList.forEach(ArrayList.java:1597)
Caused by: org.openqa.selenium.WebDriverException: Driver server process died prematurely.
Build info: version: '4.24.0', revision: '748ffc9bc3'
System info: os.name: 'Windows 10', os.arch: 'amd64', os.version: '10.0', java.version: '22.0.1'
Driver info: driver.version: FirefoxDriver
at org.openqa.selenium.remote.service.DriverService.start(DriverService.java:246)
at org.openqa.selenium.remote.service.DriverCommandExecutor.execute(DriverCommandExecutor.java:117)
at org.openqa.selenium.remote.RemoteWebDriver.execute(RemoteWebDriver.java:545)
... 33 more
... Removed 23 stack frames]]>
    </failure>
  </testcase> <!-- @BeforeClass register -->
  <testcase classname="Test_1.Test1" name="@BeforeMethod url" time="-1.728508792037E9">
    <skipped/>
  </testcase> <!-- @BeforeMethod url -->
  <testcase classname="Test_1.Test1" name="action" time="0.0">
    <skipped/>
  </testcase> <!-- action -->
  <testcase classname="Test_1.Test1" name="login" time="0.0">
    <ignored/>
  </testcase> <!-- login -->
</testsuite> <!-- FirefoxTest -->
